<?xml version="1.0" encoding="UTF-8"?>
<testng-results skipped="0" failed="0" total="1" passed="1">
  <reporter-output>
  </reporter-output>
  <suite name="Default suite" duration-ms="37734" started-at="2019-12-23T06:50:33Z" finished-at="2019-12-23T06:51:11Z">
    <groups>
    </groups>
    <test name="Default test" duration-ms="37734" started-at="2019-12-23T06:50:33Z" finished-at="2019-12-23T06:51:11Z">
      <class name="rtb.appium.Calculator">
        <test-method status="PASS" signature="setup()[pri:0, instance:rtb.appium.Calculator@67b6d4ae]" name="setup" is-config="true" duration-ms="23" started-at="2019-12-23T12:20:33Z" finished-at="2019-12-23T12:20:33Z">
          <reporter-output>
          </reporter-output>
        </test-method> <!-- setup -->
        <test-method status="PASS" signature="f()[pri:0, instance:rtb.appium.Calculator@67b6d4ae]" name="f" duration-ms="37692" started-at="2019-12-23T12:20:33Z" finished-at="2019-12-23T12:21:11Z">
          <reporter-output>
          </reporter-output>
        </test-method> <!-- f -->
      </class> <!-- rtb.appium.Calculator -->
    </test> <!-- Default test -->
  </suite> <!-- Default suite -->
</testng-results>
